#
# There is insufficient memory for the Java Runtime Environment to continue.
# Native memory allocation (mmap) failed to map 32505856 bytes for Failed to commit area from 0x0000000089a00000 to 0x000000008b900000 of length 32505856.
# Possible reasons:
#   The system is out of physical RAM or swap space
#   The process is running with CompressedOops enabled, and the Java Heap may be blocking the growth of the native heap
# Possible solutions:
#   Reduce memory load on the system
#   Increase physical memory or swap space
#   Check if swap backing store is full
#   Decrease Java heap size (-Xmx/-Xms)
#   Decrease number of Java threads
#   Decrease Java thread stack sizes (-Xss)
#   Set larger code cache with -XX:ReservedCodeCacheSize=
#   JVM is running with Unscaled Compressed Oops mode in which the Java heap is
#     placed in the first 4GB address space. The Java Heap base address is the
#     maximum limit for the native heap growth. Please use -XX:HeapBaseMinAddress
#     to set the Java Heap base and to place the Java Heap above 4GB virtual address.
# This output file may be truncated or incomplete.
#
#  Out of Memory Error (./src/hotspot/os/windows/os_windows.cpp:3303), pid=61024, tid=64980
#
# JRE version: OpenJDK Runtime Environment (11.0.8+10) (build 11.0.8+10-b944.6842174)
# Java VM: OpenJDK 64-Bit Server VM (11.0.8+10-b944.6842174, mixed mode, tiered, compressed oops, g1 gc, windows-amd64)
# No core dump will be written. Minidumps are not enabled by default on client versions of Windows
#

---------------  S U M M A R Y ------------

Command Line: --add-opens=java.base/java.util=ALL-UNNAMED --add-opens=java.base/java.lang=ALL-UNNAMED --add-opens=java.base/java.lang.invoke=ALL-UNNAMED --add-opens=java.prefs/java.util.prefs=ALL-UNNAMED -Xmx2048m -Dfile.encoding=UTF-8 -Duser.country=IN -Duser.language=en -Duser.variant org.gradle.launcher.daemon.bootstrap.GradleDaemon 6.7.1

Host: Intel(R) Core(TM) i5-8265U CPU @ 1.60GHz, 8 cores, 7G,  Windows 10 , 64 bit Build 19041 (10.0.19041.928)
Time: Sun Jun 20 11:26:43 2021 India Standard Time elapsed time: 7 seconds (0d 0h 0m 7s)

---------------  T H R E A D  ---------------

Current thread (0x000001c5e614f800):  VMThread "VM Thread" [stack: 0x0000003b4f500000,0x0000003b4f600000] [id=64980]

Stack: [0x0000003b4f500000,0x0000003b4f600000]
[error occurred during error reporting (printing stack bounds), id 0xc0000005, EXCEPTION_ACCESS_VIOLATION (0xc0000005) at pc=0x000001c5cf010dad]

Native frames: (J=compiled Java code, j=interpreted, Vv=VM code, C=native code)
V  [jvm.dll+0x5de50a]
V  [jvm.dll+0x7122f5]
V  [jvm.dll+0x71384d]
V  [jvm.dll+0x713e65]
V  [jvm.dll+0x713e1b]
V  [jvm.dll+0x5dd958]
V  [jvm.dll+0x5de0f8]
C  [ntdll.dll+0xa207f]
C  [ntdll.dll+0x51454]
C  [ntdll.dll+0xa0bae]
C  0x000001c5cf010dad

VM_Operation (0x0000003b50af6610): G1CollectForAllocation, mode: safepoint, requested by thread 0x000001c5e8a71800


---------------  P R O C E S S  ---------------

Threads class SMR info:
_java_thread_list=0x000001c5eb128970, length=137, elements={
0x000001c5c9e6c800, 0x000001c5e6152800, 0x000001c5e615e800, 0x000001c5e616a000,
0x000001c5e616b000, 0x000001c5e616d000, 0x000001c5e6172000, 0x000001c5e6173800,
0x000001c5e6c1d800, 0x000001c5e6c5c000, 0x000001c5e8502800, 0x000001c5e76bb000,
0x000001c5e7df5000, 0x000001c5e88aa800, 0x000001c5e88ab800, 0x000001c5e8317000,
0x000001c5e8a71800, 0x000001c5e8892800, 0x000001c5e8893000, 0x000001c5e82d7800,
0x000001c5e8a66000, 0x000001c5e8a6a000, 0x000001c5e8a68800, 0x000001c5e8a65000,
0x000001c5e8a6a800, 0x000001c5e8a6b800, 0x000001c5e8a66800, 0x000001c5e8a67800,
0x000001c5e8a69000, 0x000001c5e935d000, 0x000001c5e935e800, 0x000001c5e935e000,
0x000001c5e9359000, 0x000001c5e935f800, 0x000001c5e9359800, 0x000001c5e9360800,
0x000001c5e935a800, 0x000001c5e9361000, 0x000001c5e935b800, 0x000001c5e9367000,
0x000001c5e9367800, 0x000001c5e9362000, 0x000001c5e9364800, 0x000001c5e9363800,
0x000001c5e9366000, 0x000001c5e9365000, 0x000001c5e9362800, 0x000001c5eb000000,
0x000001c5eb005000, 0x000001c5eb002800, 0x000001c5eb001000, 0x000001c5eb004000,
0x000001c5eafff800, 0x000001c5eb002000, 0x000001c5eb007800, 0x000001c5eb009000,
0x000001c5eb008800, 0x000001c5eb006000, 0x000001c5eb006800, 0x000001c5eb003800,
0x000001c5eb00e000, 0x000001c5eb00a000, 0x000001c5eb00c800, 0x000001c5eb00b000,
0x000001c5eb00b800, 0x000001c5eb00d000, 0x000001c5e93a4800, 0x000001c5e93a5800,
0x000001c5e93a6000, 0x000001c5e93a7000, 0x000001c5e93a8000, 0x000001c5e93a8800,
0x000001c5e93a9800, 0x000001c5e93a4000, 0x000001c5e93ac000, 0x000001c5e93ae800,
0x000001c5e93ad000, 0x000001c5e93ad800, 0x000001c5e93af000, 0x000001c5e93aa800,
0x000001c5e93b1000, 0x000001c5e93b0000, 0x000001c5e93ab000, 0x000001c5e93b1800,
0x000001c5e93b2800, 0x000001c5eb979800, 0x000001c5eb978800, 0x000001c5eb977000,
0x000001c5eb977800, 0x000001c5eb97a000, 0x000001c5eb97b000, 0x000001c5eb97c000,
0x000001c5eb976000, 0x000001c5eb981800, 0x000001c5eb97f000, 0x000001c5eb982800,
0x000001c5eb980000, 0x000001c5eb97c800, 0x000001c5eb980800, 0x000001c5eb983000,
0x000001c5eb97d800, 0x000001c5eb984000, 0x000001c5eb97e000, 0x000001c5eb985000,
0x000001c5eca2f000, 0x000001c5eca33000, 0x000001c5eca30000, 0x000001c5eca30800,
0x000001c5eca34000, 0x000001c5eca2e800, 0x000001c5eca32800, 0x000001c5eca35000,
0x000001c5eca35800, 0x000001c5eca36800, 0x000001c5eca37800, 0x000001c5eca31800,
0x000001c5eca38000, 0x000001c5eca3d000, 0x000001c5eca3a800, 0x000001c5eca39000,
0x000001c5eca39800, 0x000001c5eca3c000, 0x000001c5eca3b800, 0x000001c5eb8e5000,
0x000001c5eb8e4000, 0x000001c5eb8e5800, 0x000001c5eb8e9000, 0x000001c5eb8e6800,
0x000001c5eb8e8000, 0x000001c5eb8e7800, 0x000001c5eb8e3800, 0x000001c5eb8ee800,
0x000001c5eb8ef800, 0x000001c5eb8ea000, 0x000001c5eb8f0800, 0x000001c5eba59800,
0x000001c5eb8ee000
}

Java Threads: ( => current thread )
  0x000001c5c9e6c800 JavaThread "main" [_thread_blocked, id=13520, stack(0x0000003b4ef00000,0x0000003b4f000000)]
  0x000001c5e6152800 JavaThread "Reference Handler" daemon [_thread_blocked, id=30360, stack(0x0000003b4f600000,0x0000003b4f700000)]
  0x000001c5e615e800 JavaThread "Finalizer" daemon [_thread_blocked, id=30024, stack(0x0000003b4f700000,0x0000003b4f800000)]
  0x000001c5e616a000 JavaThread "Signal Dispatcher" daemon [_thread_blocked, id=46900, stack(0x0000003b4f800000,0x0000003b4f900000)]
  0x000001c5e616b000 JavaThread "Attach Listener" daemon [_thread_blocked, id=52416, stack(0x0000003b4f900000,0x0000003b4fa00000)]
  0x000001c5e616d000 JavaThread "C2 CompilerThread0" daemon [_thread_blocked, id=55204, stack(0x0000003b4fa00000,0x0000003b4fb00000)]
  0x000001c5e6172000 JavaThread "C1 CompilerThread0" daemon [_thread_blocked, id=7328, stack(0x0000003b4fb00000,0x0000003b4fc00000)]
  0x000001c5e6173800 JavaThread "Sweeper thread" daemon [_thread_blocked, id=68992, stack(0x0000003b4fc00000,0x0000003b4fd00000)]
  0x000001c5e6c1d800 JavaThread "Common-Cleaner" daemon [_thread_blocked, id=15012, stack(0x0000003b4fd00000,0x0000003b4fe00000)]
  0x000001c5e6c5c000 JavaThread "Service Thread" daemon [_thread_blocked, id=34892, stack(0x0000003b4fe00000,0x0000003b4ff00000)]
  0x000001c5e8502800 JavaThread "Daemon health stats" [_thread_blocked, id=8448, stack(0x0000003b50300000,0x0000003b50400000)]
  0x000001c5e76bb000 JavaThread "Incoming local TCP Connector on port 58398" [_thread_in_native, id=20436, stack(0x0000003b50500000,0x0000003b50600000)]
  0x000001c5e7df5000 JavaThread "Daemon periodic checks" [_thread_blocked, id=17432, stack(0x0000003b50600000,0x0000003b50700000)]
  0x000001c5e88aa800 JavaThread "Daemon" [_thread_blocked, id=30028, stack(0x0000003b50700000,0x0000003b50800000)]
  0x000001c5e88ab800 JavaThread "Handler for socket connection from /127.0.0.1:58398 to /127.0.0.1:58399" [_thread_in_native, id=66216, stack(0x0000003b50800000,0x0000003b50900000)]
  0x000001c5e8317000 JavaThread "Cancel handler" [_thread_blocked, id=53380, stack(0x0000003b50900000,0x0000003b50a00000)]
  0x000001c5e8a71800 JavaThread "Daemon worker" [_thread_blocked, id=47864, stack(0x0000003b50a00000,0x0000003b50b00000)]
  0x000001c5e8892800 JavaThread "Asynchronous log dispatcher for DefaultDaemonConnection: socket connection from /127.0.0.1:58398 to /127.0.0.1:58399" [_thread_blocked, id=21832, stack(0x0000003b50b00000,0x0000003b50c00000)]
  0x000001c5e8893000 JavaThread "Stdin handler" [_thread_blocked, id=45180, stack(0x0000003b50c00000,0x0000003b50d00000)]
  0x000001c5e82d7800 JavaThread "Thread-8" [_thread_blocked, id=20632, stack(0x0000003b50d00000,0x0000003b50e00000)]
  0x000001c5e8a66000 JavaThread "Cache worker for file hash cache (C:\Users\vaish\.gradle\caches\6.7.1\fileHashes)" [_thread_blocked, id=15980, stack(0x0000003b51300000,0x0000003b51400000)]
  0x000001c5e8a6a000 JavaThread "File lock request listener" [_thread_in_native, id=24640, stack(0x0000003b51400000,0x0000003b51500000)]
  0x000001c5e8a68800 JavaThread "Cache worker for journal cache (C:\Users\vaish\.gradle\caches\journal-1)" [_thread_blocked, id=67192, stack(0x0000003b51600000,0x0000003b51700000)]
  0x000001c5e8a65000 JavaThread "Cache worker for file hash cache (C:\Users\vaish\AndroidStudioProjects\SparkBank\.gradle\6.7.1\fileHashes)" [_thread_blocked, id=11972, stack(0x0000003b51700000,0x0000003b51800000)]
  0x000001c5e8a6a800 JavaThread "jar transforms" [_thread_blocked, id=1188, stack(0x0000003b51800000,0x0000003b51900000)]
  0x000001c5e8a6b800 JavaThread "jar transforms Thread 2" [_thread_blocked, id=29712, stack(0x0000003b51900000,0x0000003b51a00000)]
  0x000001c5e8a66800 JavaThread "jar transforms Thread 3" [_thread_blocked, id=51396, stack(0x0000003b51a00000,0x0000003b51b00000)]
  0x000001c5e8a67800 JavaThread "jar transforms Thread 4" [_thread_blocked, id=68332, stack(0x0000003b51b00000,0x0000003b51c00000)]
  0x000001c5e8a69000 JavaThread "jar transforms Thread 5" [_thread_blocked, id=7888, stack(0x0000003b51c00000,0x0000003b51d00000)]
  0x000001c5e935d000 JavaThread "jar transforms Thread 6" [_thread_blocked, id=20192, stack(0x0000003b51d00000,0x0000003b51e00000)]
  0x000001c5e935e800 JavaThread "jar transforms Thread 7" [_thread_blocked, id=27548, stack(0x0000003b51e00000,0x0000003b51f00000)]
  0x000001c5e935e000 JavaThread "Cache worker for checksums cache (C:\Users\vaish\AndroidStudioProjects\SparkBank\.gradle\checksums)" [_thread_blocked, id=56724, stack(0x0000003b51f00000,0x0000003b52000000)]
  0x000001c5e9359000 JavaThread "Cache worker for cache directory md-supplier (C:\Users\vaish\.gradle\caches\6.7.1\md-supplier)" [_thread_blocked, id=49656, stack(0x0000003b52000000,0x0000003b52100000)]
  0x000001c5e935f800 JavaThread "Cache worker for cache directory md-rule (C:\Users\vaish\.gradle\caches\6.7.1\md-rule)" [_thread_blocked, id=54332, stack(0x0000003b52100000,0x0000003b52200000)]
  0x000001c5e9359800 JavaThread "Cache worker for execution history cache (C:\Users\vaish\.gradle\caches\6.7.1\executionHistory)" [_thread_blocked, id=35900, stack(0x0000003b52200000,0x0000003b52300000)]
  0x000001c5e9360800 JavaThread "Cache worker for file content cache (C:\Users\vaish\.gradle\caches\6.7.1\fileContent)" [_thread_blocked, id=40132, stack(0x0000003b52300000,0x0000003b52400000)]
  0x000001c5e935a800 JavaThread "Cache worker for Build Output Cleanup Cache (C:\Users\vaish\AndroidStudioProjects\SparkBank\.gradle\buildOutputCleanup)" [_thread_blocked, id=45324, stack(0x0000003b52400000,0x0000003b52500000)]
  0x000001c5e9361000 JavaThread "Build operations" [_thread_blocked, id=35352, stack(0x0000003b52500000,0x0000003b52600000)]
  0x000001c5e935b800 JavaThread "Build operations Thread 2" [_thread_blocked, id=26948, stack(0x0000003b52600000,0x0000003b52700000)]
  0x000001c5e9367000 JavaThread "Build operations Thread 3" [_thread_blocked, id=66360, stack(0x0000003b52700000,0x0000003b52800000)]
  0x000001c5e9367800 JavaThread "Build operations Thread 4" [_thread_blocked, id=15104, stack(0x0000003b52800000,0x0000003b52900000)]
  0x000001c5e9362000 JavaThread "Build operations Thread 5" [_thread_blocked, id=68652, stack(0x0000003b52900000,0x0000003b52a00000)]
  0x000001c5e9364800 JavaThread "Build operations Thread 6" [_thread_blocked, id=33764, stack(0x0000003b52a00000,0x0000003b52b00000)]
  0x000001c5e9363800 JavaThread "Build operations Thread 7" [_thread_blocked, id=62332, stack(0x0000003b52b00000,0x0000003b52c00000)]
  0x000001c5e9366000 JavaThread "Build operations Thread 8" [_thread_blocked, id=9828, stack(0x0000003b52c00000,0x0000003b52d00000)]
  0x000001c5e9365000 JavaThread "jar transforms Thread 8" [_thread_blocked, id=1228, stack(0x0000003b52d00000,0x0000003b52e00000)]
  0x000001c5e9362800 JavaThread "jar transforms Thread 9" [_thread_blocked, id=44804, stack(0x0000003b52e00000,0x0000003b52f00000)]
  0x000001c5eb000000 JavaThread "jar transforms Thread 10" [_thread_blocked, id=68876, stack(0x0000003b52f00000,0x0000003b53000000)]
  0x000001c5eb005000 JavaThread "jar transforms Thread 11" [_thread_blocked, id=62436, stack(0x0000003b53000000,0x0000003b53100000)]
  0x000001c5eb002800 JavaThread "jar transforms Thread 12" [_thread_blocked, id=37052, stack(0x0000003b53100000,0x0000003b53200000)]
  0x000001c5eb001000 JavaThread "jar transforms Thread 13" [_thread_blocked, id=49836, stack(0x0000003b53200000,0x0000003b53300000)]
  0x000001c5eb004000 JavaThread "jar transforms Thread 14" [_thread_blocked, id=41360, stack(0x0000003b53300000,0x0000003b53400000)]
  0x000001c5eafff800 JavaThread "jar transforms Thread 15" [_thread_blocked, id=50680, stack(0x0000003b53400000,0x0000003b53500000)]
  0x000001c5eb002000 JavaThread "jar transforms Thread 16" [_thread_blocked, id=37220, stack(0x0000003b53500000,0x0000003b53600000)]
  0x000001c5eb007800 JavaThread "jar transforms Thread 17" [_thread_blocked, id=12128, stack(0x0000003b53600000,0x0000003b53700000)]
  0x000001c5eb009000 JavaThread "jar transforms Thread 18" [_thread_blocked, id=57592, stack(0x0000003b53700000,0x0000003b53800000)]
  0x000001c5eb008800 JavaThread "jar transforms Thread 19" [_thread_blocked, id=60272, stack(0x0000003b53800000,0x0000003b53900000)]
  0x000001c5eb006000 JavaThread "jar transforms Thread 20" [_thread_blocked, id=35320, stack(0x0000003b53900000,0x0000003b53a00000)]
  0x000001c5eb006800 JavaThread "jar transforms Thread 21" [_thread_blocked, id=62248, stack(0x0000003b53a00000,0x0000003b53b00000)]
  0x000001c5eb003800 JavaThread "jar transforms Thread 22" [_thread_blocked, id=61072, stack(0x0000003b53b00000,0x0000003b53c00000)]
  0x000001c5eb00e000 JavaThread "jar transforms Thread 23" [_thread_blocked, id=2300, stack(0x0000003b53c00000,0x0000003b53d00000)]
  0x000001c5eb00a000 JavaThread "jar transforms Thread 24" [_thread_blocked, id=67016, stack(0x0000003b53d00000,0x0000003b53e00000)]
  0x000001c5eb00c800 JavaThread "jar transforms Thread 25" [_thread_blocked, id=68964, stack(0x0000003b53e00000,0x0000003b53f00000)]
  0x000001c5eb00b000 JavaThread "jar transforms Thread 26" [_thread_blocked, id=20804, stack(0x0000003b53f00000,0x0000003b54000000)]
  0x000001c5eb00b800 JavaThread "jar transforms Thread 27" [_thread_blocked, id=69240, stack(0x0000003b54000000,0x0000003b54100000)]
  0x000001c5eb00d000 JavaThread "jar transforms Thread 28" [_thread_blocked, id=22500, stack(0x0000003b54100000,0x0000003b54200000)]
  0x000001c5e93a4800 JavaThread "jar transforms Thread 29" [_thread_blocked, id=40428, stack(0x0000003b54200000,0x0000003b54300000)]
  0x000001c5e93a5800 JavaThread "jar transforms Thread 30" [_thread_blocked, id=50740, stack(0x0000003b54300000,0x0000003b54400000)]
  0x000001c5e93a6000 JavaThread "jar transforms Thread 31" [_thread_blocked, id=26864, stack(0x0000003b54400000,0x0000003b54500000)]
  0x000001c5e93a7000 JavaThread "jar transforms Thread 32" [_thread_blocked, id=32744, stack(0x0000003b54500000,0x0000003b54600000)]
  0x000001c5e93a8000 JavaThread "jar transforms Thread 33" [_thread_blocked, id=45304, stack(0x0000003b54600000,0x0000003b54700000)]
  0x000001c5e93a8800 JavaThread "jar transforms Thread 34" [_thread_blocked, id=64584, stack(0x0000003b54700000,0x0000003b54800000)]
  0x000001c5e93a9800 JavaThread "jar transforms Thread 35" [_thread_blocked, id=61640, stack(0x0000003b54800000,0x0000003b54900000)]
  0x000001c5e93a4000 JavaThread "jar transforms Thread 36" [_thread_blocked, id=29092, stack(0x0000003b54900000,0x0000003b54a00000)]
  0x000001c5e93ac000 JavaThread "jar transforms Thread 37" [_thread_blocked, id=2032, stack(0x0000003b54a00000,0x0000003b54b00000)]
  0x000001c5e93ae800 JavaThread "jar transforms Thread 38" [_thread_blocked, id=60584, stack(0x0000003b54b00000,0x0000003b54c00000)]
  0x000001c5e93ad000 JavaThread "jar transforms Thread 39" [_thread_blocked, id=60760, stack(0x0000003b54c00000,0x0000003b54d00000)]
  0x000001c5e93ad800 JavaThread "jar transforms Thread 40" [_thread_blocked, id=41980, stack(0x0000003b54d00000,0x0000003b54e00000)]
  0x000001c5e93af000 JavaThread "jar transforms Thread 41" [_thread_blocked, id=5048, stack(0x0000003b54e00000,0x0000003b54f00000)]
  0x000001c5e93aa800 JavaThread "jar transforms Thread 42" [_thread_blocked, id=52572, stack(0x0000003b54f00000,0x0000003b55000000)]
  0x000001c5e93b1000 JavaThread "jar transforms Thread 43" [_thread_blocked, id=55044, stack(0x0000003b55000000,0x0000003b55100000)]
  0x000001c5e93b0000 JavaThread "jar transforms Thread 44" [_thread_blocked, id=18100, stack(0x0000003b55100000,0x0000003b55200000)]
  0x000001c5e93ab000 JavaThread "jar transforms Thread 45" [_thread_blocked, id=63496, stack(0x0000003b55200000,0x0000003b55300000)]
  0x000001c5e93b1800 JavaThread "jar transforms Thread 46" [_thread_blocked, id=25248, stack(0x0000003b55300000,0x0000003b55400000)]
  0x000001c5e93b2800 JavaThread "jar transforms Thread 47" [_thread_blocked, id=66096, stack(0x0000003b55400000,0x0000003b55500000)]
  0x000001c5eb979800 JavaThread "jar transforms Thread 48" [_thread_blocked, id=66368, stack(0x0000003b55500000,0x0000003b55600000)]
  0x000001c5eb978800 JavaThread "jar transforms Thread 49" [_thread_blocked, id=69444, stack(0x0000003b55600000,0x0000003b55700000)]
  0x000001c5eb977000 JavaThread "jar transforms Thread 50" [_thread_blocked, id=57380, stack(0x0000003b55700000,0x0000003b55800000)]
  0x000001c5eb977800 JavaThread "jar transforms Thread 51" [_thread_blocked, id=35244, stack(0x0000003b55800000,0x0000003b55900000)]
  0x000001c5eb97a000 JavaThread "jar transforms Thread 52" [_thread_blocked, id=69140, stack(0x0000003b55900000,0x0000003b55a00000)]
  0x000001c5eb97b000 JavaThread "jar transforms Thread 53" [_thread_blocked, id=44740, stack(0x0000003b55a00000,0x0000003b55b00000)]
  0x000001c5eb97c000 JavaThread "jar transforms Thread 54" [_thread_blocked, id=63016, stack(0x0000003b55b00000,0x0000003b55c00000)]
  0x000001c5eb976000 JavaThread "jar transforms Thread 55" [_thread_blocked, id=23096, stack(0x0000003b55c00000,0x0000003b55d00000)]
  0x000001c5eb981800 JavaThread "jar transforms Thread 56" [_thread_blocked, id=9476, stack(0x0000003b55d00000,0x0000003b55e00000)]
  0x000001c5eb97f000 JavaThread "jar transforms Thread 57" [_thread_blocked, id=64064, stack(0x0000003b55e00000,0x0000003b55f00000)]
  0x000001c5eb982800 JavaThread "jar transforms Thread 58" [_thread_blocked, id=52900, stack(0x0000003b55f00000,0x0000003b56000000)]
  0x000001c5eb980000 JavaThread "jar transforms Thread 59" [_thread_blocked, id=5736, stack(0x0000003b56000000,0x0000003b56100000)]
  0x000001c5eb97c800 JavaThread "jar transforms Thread 60" [_thread_blocked, id=33844, stack(0x0000003b56100000,0x0000003b56200000)]
  0x000001c5eb980800 JavaThread "jar transforms Thread 61" [_thread_blocked, id=44864, stack(0x0000003b56200000,0x0000003b56300000)]
  0x000001c5eb983000 JavaThread "jar transforms Thread 62" [_thread_blocked, id=25344, stack(0x0000003b56300000,0x0000003b56400000)]
  0x000001c5eb97d800 JavaThread "jar transforms Thread 63" [_thread_blocked, id=30340, stack(0x0000003b56400000,0x0000003b56500000)]
  0x000001c5eb984000 JavaThread "jar transforms Thread 64" [_thread_blocked, id=38552, stack(0x0000003b56500000,0x0000003b56600000)]
  0x000001c5eb97e000 JavaThread "jar transforms Thread 65" [_thread_blocked, id=49616, stack(0x0000003b56600000,0x0000003b56700000)]
  0x000001c5eb985000 JavaThread "jar transforms Thread 66" [_thread_blocked, id=18192, stack(0x0000003b56700000,0x0000003b56800000)]
  0x000001c5eca2f000 JavaThread "jar transforms Thread 67" [_thread_blocked, id=18484, stack(0x0000003b56800000,0x0000003b56900000)]
  0x000001c5eca33000 JavaThread "jar transforms Thread 68" [_thread_blocked, id=60672, stack(0x0000003b56900000,0x0000003b56a00000)]
  0x000001c5eca30000 JavaThread "jar transforms Thread 69" [_thread_blocked, id=47552, stack(0x0000003b56a00000,0x0000003b56b00000)]
  0x000001c5eca30800 JavaThread "jar transforms Thread 70" [_thread_blocked, id=61620, stack(0x0000003b56b00000,0x0000003b56c00000)]
  0x000001c5eca34000 JavaThread "jar transforms Thread 71" [_thread_blocked, id=59944, stack(0x0000003b56c00000,0x0000003b56d00000)]
  0x000001c5eca2e800 JavaThread "jar transforms Thread 72" [_thread_blocked, id=13612, stack(0x0000003b56d00000,0x0000003b56e00000)]
  0x000001c5eca32800 JavaThread "jar transforms Thread 73" [_thread_blocked, id=47156, stack(0x0000003b56e00000,0x0000003b56f00000)]
  0x000001c5eca35000 JavaThread "jar transforms Thread 74" [_thread_blocked, id=53676, stack(0x0000003b56f00000,0x0000003b57000000)]
  0x000001c5eca35800 JavaThread "jar transforms Thread 75" [_thread_blocked, id=34876, stack(0x0000003b57000000,0x0000003b57100000)]
  0x000001c5eca36800 JavaThread "jar transforms Thread 76" [_thread_blocked, id=30424, stack(0x0000003b57100000,0x0000003b57200000)]
  0x000001c5eca37800 JavaThread "jar transforms Thread 77" [_thread_blocked, id=18440, stack(0x0000003b57200000,0x0000003b57300000)]
  0x000001c5eca31800 JavaThread "jar transforms Thread 78" [_thread_blocked, id=49848, stack(0x0000003b57300000,0x0000003b57400000)]
  0x000001c5eca38000 JavaThread "jar transforms Thread 79" [_thread_blocked, id=12920, stack(0x0000003b57400000,0x0000003b57500000)]
  0x000001c5eca3d000 JavaThread "jar transforms Thread 80" [_thread_blocked, id=8376, stack(0x0000003b57500000,0x0000003b57600000)]
  0x000001c5eca3a800 JavaThread "jar transforms Thread 81" [_thread_blocked, id=63396, stack(0x0000003b57600000,0x0000003b57700000)]
  0x000001c5eca39000 JavaThread "jar transforms Thread 82" [_thread_blocked, id=51848, stack(0x0000003b57700000,0x0000003b57800000)]
  0x000001c5eca39800 JavaThread "jar transforms Thread 83" [_thread_blocked, id=35664, stack(0x0000003b57800000,0x0000003b57900000)]
  0x000001c5eca3c000 JavaThread "jar transforms Thread 84" [_thread_blocked, id=65912, stack(0x0000003b57900000,0x0000003b57a00000)]
  0x000001c5eca3b800 JavaThread "jar transforms Thread 85" [_thread_blocked, id=28812, stack(0x0000003b57a00000,0x0000003b57b00000)]
  0x000001c5eb8e5000 JavaThread "jar transforms Thread 86" [_thread_blocked, id=42460, stack(0x0000003b57b00000,0x0000003b57c00000)]
  0x000001c5eb8e4000 JavaThread "jar transforms Thread 87" [_thread_blocked, id=26464, stack(0x0000003b57c00000,0x0000003b57d00000)]
  0x000001c5eb8e5800 JavaThread "jar transforms Thread 88" [_thread_blocked, id=29364, stack(0x0000003b57d00000,0x0000003b57e00000)]
  0x000001c5eb8e9000 JavaThread "jar transforms Thread 89" [_thread_blocked, id=68804, stack(0x0000003b57e00000,0x0000003b57f00000)]
  0x000001c5eb8e6800 JavaThread "jar transforms Thread 90" [_thread_blocked, id=39976, stack(0x0000003b57f00000,0x0000003b58000000)]
  0x000001c5eb8e8000 JavaThread "jar transforms Thread 91" [_thread_blocked, id=35164, stack(0x0000003b58000000,0x0000003b58100000)]
  0x000001c5eb8e7800 JavaThread "jar transforms Thread 92" [_thread_blocked, id=7012, stack(0x0000003b58100000,0x0000003b58200000)]
  0x000001c5eb8e3800 JavaThread "jar transforms Thread 93" [_thread_blocked, id=41032, stack(0x0000003b58200000,0x0000003b58300000)]
  0x000001c5eb8ee800 JavaThread "jar transforms Thread 94" [_thread_blocked, id=18648, stack(0x0000003b58300000,0x0000003b58400000)]
  0x000001c5eb8ef800 JavaThread "jar transforms Thread 95" [_thread_blocked, id=48100, stack(0x0000003b58400000,0x0000003b58500000)]
  0x000001c5eb8ea000 JavaThread "jar transforms Thread 96" [_thread_blocked, id=17708, stack(0x0000003b58500000,0x0000003b58600000)]
  0x000001c5eb8f0800 JavaThread "jar transforms Thread 97" [_thread_blocked, id=11560, stack(0x0000003b58600000,0x0000003b58700000)]
  0x000001c5eba59800 JavaThread "C2 CompilerThread1" daemon [_thread_in_native, id=23680, stack(0x0000003b58700000,0x0000003b58800000)]
  0x000001c5eb8ee000 JavaThread "Memory manager" [_thread_blocked, id=46524, stack(0x0000003b58800000,0x0000003b58900000)]

Other Threads:
=>0x000001c5e614f800 VMThread "VM Thread" [stack: 0x0000003b4f500000,0x0000003b4f600000] [id=64980]
  0x000001c5e6c5d800 WatcherThread [stack: 0x0000003b4ff00000,0x0000003b50000000] [id=20488]
  0x000001c5c9e84000 GCTaskThread "GC Thread#0" [stack: 0x0000003b4f000000,0x0000003b4f100000] [id=68496]
  0x000001c5e75d2000 GCTaskThread "GC Thread#1" [stack: 0x0000003b50100000,0x0000003b50200000] [id=26148]
  0x000001c5e775c000 GCTaskThread "GC Thread#2" [stack: 0x0000003b50200000,0x0000003b50300000] [id=65712]
  0x000001c5e8a94800 GCTaskThread "GC Thread#3" [stack: 0x0000003b50e00000,0x0000003b50f00000] [id=59648]
  0x000001c5e82d3000 GCTaskThread "GC Thread#4" [stack: 0x0000003b50f00000,0x0000003b51000000] [id=42624]
  0x000001c5e7af4000 GCTaskThread "GC Thread#5" [stack: 0x0000003b51000000,0x0000003b51100000] [id=37144]
  0x000001c5e8234000 GCTaskThread "GC Thread#6" [stack: 0x0000003b51100000,0x0000003b51200000] [id=34628]
  0x000001c5e8bd6000 GCTaskThread "GC Thread#7" [stack: 0x0000003b51200000,0x0000003b51300000] [id=68860]
  0x000001c5c9eb7000 ConcurrentGCThread "G1 Main Marker" [stack: 0x0000003b4f100000,0x0000003b4f200000] [id=23224]
  0x000001c5c9eb9800 ConcurrentGCThread "G1 Conc#0" [stack: 0x0000003b4f200000,0x0000003b4f300000] [id=9344]
  0x000001c5e8ad8000 ConcurrentGCThread "G1 Conc#1" [stack: 0x0000003b51500000,0x0000003b51600000] [id=21988]
  0x000001c5c9f48800 ConcurrentGCThread "G1 Refine#0" [stack: 0x0000003b4f300000,0x0000003b4f400000] [id=5168]
  0x000001c5e5fa0800 ConcurrentGCThread "G1 Young RemSet Sampling" [stack: 0x0000003b4f400000,0x0000003b4f500000] [id=1064]

Threads with active compile tasks:
C2 CompilerThread0   7122 5658       4       org.objectweb.asm.Frame::accept (264 bytes)
C2 CompilerThread1   7122 5579       4       jdk.internal.loader.URLClassPath$JarLoader$2::getManifest (26 bytes)

VM state:at safepoint (normal execution)

VM Mutex/Monitor currently owned by a thread:  ([mutex/lock_event])
[0x000001c5c9e69020] Threads_lock - owner thread: 0x000001c5e614f800
[0x000001c5c9e68ba0] Heap_lock - owner thread: 0x000001c5e8a71800

Heap address: 0x0000000080000000, size: 2048 MB, Compressed Oops mode: 32-bit
Narrow klass base: 0x0000000000000000, Narrow klass shift: 3
Compressed class space size: 1073741824 Address: 0x0000000100000000

Heap:
 garbage-first heap   total 189440K, used 53522K [0x0000000080000000, 0x0000000100000000)
  region size 1024K, 9 young (9216K), 9 survivors (9216K)
 Metaspace       used 64471K, capacity 65978K, committed 66296K, reserved 1105920K
  class space    used 8357K, capacity 8891K, committed 8960K, reserved 1048576K
Heap Regions: E=young(eden), S=young(survivor), O=old, HS=humongous(starts), HC=humongous(continues), CS=collection set, F=free, A=archive, TAMS=top-at-mark-start (previous, next)
|   0|0x0000000080000000, 0x0000000080100000, 0x0000000080100000|100%| O|  |TAMS 0x0000000080100000, 0x0000000080000000| Untracked 
|   1|0x0000000080100000, 0x0000000080200000, 0x0000000080200000|100%| O|  |TAMS 0x0000000080200000, 0x0000000080100000| Untracked 
|   2|0x0000000080200000, 0x0000000080300000, 0x0000000080300000|100%| O|  |TAMS 0x0000000080300000, 0x0000000080200000| Untracked 
|   3|0x0000000080300000, 0x0000000080400000, 0x0000000080400000|100%|HS|  |TAMS 0x0000000080400000, 0x0000000080300000| Complete 
|   4|0x0000000080400000, 0x0000000080500000, 0x0000000080500000|100%|HC|  |TAMS 0x0000000080500000, 0x0000000080400000| Complete 
|   5|0x0000000080500000, 0x0000000080600000, 0x0000000080600000|100%|HC|  |TAMS 0x0000000080600000, 0x0000000080500000| Complete 
|   6|0x0000000080600000, 0x0000000080700000, 0x0000000080700000|100%| O|  |TAMS 0x0000000080700000, 0x0000000080600000| Untracked 
|   7|0x0000000080700000, 0x0000000080800000, 0x0000000080800000|100%| O|  |TAMS 0x0000000080800000, 0x0000000080700000| Untracked 
|   8|0x0000000080800000, 0x0000000080900000, 0x0000000080900000|100%| O|  |TAMS 0x0000000080900000, 0x0000000080800000| Untracked 
|   9|0x0000000080900000, 0x0000000080a00000, 0x0000000080a00000|100%| O|  |TAMS 0x0000000080a00000, 0x0000000080900000| Untracked 
|  10|0x0000000080a00000, 0x0000000080b00000, 0x0000000080b00000|100%| O|  |TAMS 0x0000000080b00000, 0x0000000080a00000| Untracked 
|  11|0x0000000080b00000, 0x0000000080c00000, 0x0000000080c00000|100%| O|  |TAMS 0x0000000080c00000, 0x0000000080b00000| Untracked 
|  12|0x0000000080c00000, 0x0000000080d00000, 0x0000000080d00000|100%| O|  |TAMS 0x0000000080d00000, 0x0000000080c00000| Untracked 
|  13|0x0000000080d00000, 0x0000000080e00000, 0x0000000080e00000|100%| O|  |TAMS 0x0000000080e00000, 0x0000000080d00000| Untracked 
|  14|0x0000000080e00000, 0x0000000080f00000, 0x0000000080f00000|100%| O|  |TAMS 0x0000000080f00000, 0x0000000080e00000| Untracked 
|  15|0x0000000080f00000, 0x0000000081000000, 0x0000000081000000|100%| O|  |TAMS 0x0000000081000000, 0x0000000080f00000| Untracked 
|  16|0x0000000081000000, 0x0000000081100000, 0x0000000081100000|100%|HS|  |TAMS 0x0000000081100000, 0x0000000081000000| Complete 
|  17|0x0000000081100000, 0x0000000081200000, 0x0000000081200000|100%|HC|  |TAMS 0x0000000081200000, 0x0000000081100000| Complete 
|  18|0x0000000081200000, 0x0000000081300000, 0x0000000081300000|100%|HS|  |TAMS 0x0000000081300000, 0x0000000081200000| Complete 
|  19|0x0000000081300000, 0x0000000081400000, 0x0000000081400000|100%|HC|  |TAMS 0x0000000081400000, 0x0000000081300000| Complete 
|  20|0x0000000081400000, 0x0000000081500000, 0x0000000081500000|100%|HC|  |TAMS 0x0000000081500000, 0x0000000081400000| Complete 
|  21|0x0000000081500000, 0x0000000081600000, 0x0000000081600000|100%| O|  |TAMS 0x0000000081600000, 0x0000000081500000| Untracked 
|  22|0x0000000081600000, 0x0000000081700000, 0x0000000081700000|100%| O|  |TAMS 0x0000000081700000, 0x0000000081600000| Untracked 
|  23|0x0000000081700000, 0x0000000081800000, 0x0000000081800000|100%| O|  |TAMS 0x0000000081800000, 0x0000000081700000| Untracked 
|  24|0x0000000081800000, 0x0000000081900000, 0x0000000081900000|100%|HS|  |TAMS 0x0000000081900000, 0x0000000081800000| Complete 
|  25|0x0000000081900000, 0x0000000081a00000, 0x0000000081a00000|100%|HS|  |TAMS 0x0000000081a00000, 0x0000000081900000| Complete 
|  26|0x0000000081a00000, 0x0000000081b00000, 0x0000000081b00000|100%|HC|  |TAMS 0x0000000081b00000, 0x0000000081a00000| Complete 
|  27|0x0000000081b00000, 0x0000000081c00000, 0x0000000081c00000|100%| O|  |TAMS 0x0000000081c00000, 0x0000000081b00000| Untracked 
|  28|0x0000000081c00000, 0x0000000081d00000, 0x0000000081d00000|100%| O|  |TAMS 0x0000000081d00000, 0x0000000081c00000| Untracked 
|  29|0x0000000081d00000, 0x0000000081e00000, 0x0000000081e00000|100%| O|  |TAMS 0x0000000081e00000, 0x0000000081d00000| Untracked 
|  30|0x0000000081e00000, 0x0000000081f00000, 0x0000000081f00000|100%| O|  |TAMS 0x0000000081f00000, 0x0000000081e00000| Untracked 
|  31|0x0000000081f00000, 0x0000000082000000, 0x0000000082000000|100%| O|  |TAMS 0x0000000082000000, 0x0000000081f00000| Untracked 
|  32|0x0000000082000000, 0x0000000082100000, 0x0000000082100000|100%| O|  |TAMS 0x0000000082100000, 0x0000000082000000| Untracked 
|  33|0x0000000082100000, 0x0000000082200000, 0x0000000082200000|100%| O|  |TAMS 0x0000000082200000, 0x0000000082100000| Untracked 
|  34|0x0000000082200000, 0x0000000082300000, 0x0000000082300000|100%| O|  |TAMS 0x0000000082300000, 0x0000000082200000| Untracked 
|  35|0x0000000082300000, 0x0000000082400000, 0x0000000082400000|100%| O|  |TAMS 0x0000000082400000, 0x0000000082300000| Untracked 
|  36|0x0000000082400000, 0x0000000082500000, 0x0000000082500000|100%| O|  |TAMS 0x0000000082500000, 0x0000000082400000| Untracked 
|  37|0x0000000082500000, 0x0000000082600000, 0x0000000082600000|100%| O|  |TAMS 0x0000000082600000, 0x0000000082500000| Untracked 
|  38|0x0000000082600000, 0x0000000082700000, 0x0000000082700000|100%| O|  |TAMS 0x0000000082700000, 0x0000000082600000| Untracked 
|  39|0x0000000082700000, 0x0000000082800000, 0x0000000082800000|100%| O|  |TAMS 0x00000000827c8200, 0x0000000082700000| Untracked 
|  40|0x0000000082800000, 0x0000000082900000, 0x0000000082900000|100%| O|  |TAMS 0x0000000082800000, 0x0000000082800000| Untracked 
|  41|0x0000000082900000, 0x0000000082a00000, 0x0000000082a00000|100%| O|  |TAMS 0x0000000082900000, 0x0000000082900000| Untracked 
|  42|0x0000000082a00000, 0x0000000082b00000, 0x0000000082b00000|100%| O|  |TAMS 0x0000000082a00000, 0x0000000082a00000| Untracked 
|  43|0x0000000082b00000, 0x0000000082b9c600, 0x0000000082c00000| 61%| O|  |TAMS 0x0000000082b00000, 0x0000000082b00000| Untracked 
|  44|0x0000000082c00000, 0x0000000082c00000, 0x0000000082d00000|  0%| F|  |TAMS 0x0000000082c00000, 0x0000000082c00000| Untracked 
|  45|0x0000000082d00000, 0x0000000082d00000, 0x0000000082e00000|  0%| F|  |TAMS 0x0000000082d00000, 0x0000000082d00000| Untracked 
|  46|0x0000000082e00000, 0x0000000082e00000, 0x0000000082f00000|  0%| F|  |TAMS 0x0000000082e00000, 0x0000000082e00000| Untracked 
|  47|0x0000000082f00000, 0x0000000082f00000, 0x0000000083000000|  0%| F|  |TAMS 0x0000000082f00000, 0x0000000082f00000| Untracked 
|  48|0x0000000083000000, 0x0000000083000000, 0x0000000083100000|  0%| F|  |TAMS 0x0000000083000000, 0x0000000083000000| Untracked 
|  49|0x0000000083100000, 0x0000000083100000, 0x0000000083200000|  0%| F|  |TAMS 0x0000000083100000, 0x0000000083100000| Untracked 
|  50|0x0000000083200000, 0x0000000083200000, 0x0000000083300000|  0%| F|  |TAMS 0x0000000083200000, 0x0000000083200000| Untracked 
|  51|0x0000000083300000, 0x0000000083300000, 0x0000000083400000|  0%| F|  |TAMS 0x0000000083300000, 0x0000000083300000| Untracked 
|  52|0x0000000083400000, 0x0000000083400000, 0x0000000083500000|  0%| F|  |TAMS 0x0000000083400000, 0x0000000083400000| Untracked 
|  53|0x0000000083500000, 0x0000000083500000, 0x0000000083600000|  0%| F|  |TAMS 0x0000000083500000, 0x0000000083500000| Untracked 
|  54|0x0000000083600000, 0x0000000083600000, 0x0000000083700000|  0%| F|  |TAMS 0x0000000083600000, 0x0000000083600000| Untracked 
|  55|0x0000000083700000, 0x0000000083700000, 0x0000000083800000|  0%| F|  |TAMS 0x0000000083700000, 0x0000000083700000| Untracked 
|  56|0x0000000083800000, 0x0000000083800000, 0x0000000083900000|  0%| F|  |TAMS 0x0000000083800000, 0x0000000083800000| Untracked 
|  57|0x0000000083900000, 0x0000000083900000, 0x0000000083a00000|  0%| F|  |TAMS 0x0000000083900000, 0x0000000083900000| Untracked 
|  58|0x0000000083a00000, 0x0000000083a00000, 0x0000000083b00000|  0%| F|  |TAMS 0x0000000083a00000, 0x0000000083a00000| Untracked 
|  59|0x0000000083b00000, 0x0000000083b00000, 0x0000000083c00000|  0%| F|  |TAMS 0x0000000083b00000, 0x0000000083b00000| Untracked 
|  60|0x0000000083c00000, 0x0000000083c00000, 0x0000000083d00000|  0%| F|  |TAMS 0x0000000083c00000, 0x0000000083c00000| Untracked 
|  61|0x0000000083d00000, 0x0000000083d00000, 0x0000000083e00000|  0%| F|  |TAMS 0x0000000083d00000, 0x0000000083d00000| Untracked 
|  62|0x0000000083e00000, 0x0000000083e00000, 0x0000000083f00000|  0%| F|  |TAMS 0x0000000083e00000, 0x0000000083e00000| Untracked 
|  63|0x0000000083f00000, 0x0000000083f00000, 0x0000000084000000|  0%| F|  |TAMS 0x0000000083f00000, 0x0000000083f00000| Untracked 
|  64|0x0000000084000000, 0x0000000084000000, 0x0000000084100000|  0%| F|  |TAMS 0x0000000084000000, 0x0000000084000000| Untracked 
|  65|0x0000000084100000, 0x0000000084100000, 0x0000000084200000|  0%| F|  |TAMS 0x0000000084100000, 0x0000000084100000| Untracked 
|  66|0x0000000084200000, 0x0000000084200000, 0x0000000084300000|  0%| F|  |TAMS 0x0000000084200000, 0x0000000084200000| Untracked 
|  67|0x0000000084300000, 0x0000000084300000, 0x0000000084400000|  0%| F|  |TAMS 0x0000000084300000, 0x0000000084300000| Untracked 
|  68|0x0000000084400000, 0x0000000084400000, 0x0000000084500000|  0%| F|  |TAMS 0x0000000084400000, 0x0000000084400000| Untracked 
|  69|0x0000000084500000, 0x0000000084500000, 0x0000000084600000|  0%| F|  |TAMS 0x0000000084500000, 0x0000000084500000| Untracked 
|  70|0x0000000084600000, 0x0000000084600000, 0x0000000084700000|  0%| F|  |TAMS 0x0000000084600000, 0x0000000084600000| Untracked 
|  71|0x0000000084700000, 0x00000000847a82c0, 0x0000000084800000| 65%| S|CS|TAMS 0x0000000084700000, 0x0000000084700000| Complete 
|  72|0x0000000084800000, 0x0000000084900000, 0x0000000084900000|100%| S|CS|TAMS 0x0000000084800000, 0x0000000084800000| Complete 
|  73|0x0000000084900000, 0x0000000084a00000, 0x0000000084a00000|100%| S|CS|TAMS 0x0000000084900000, 0x0000000084900000| Complete 
|  74|0x0000000084a00000, 0x0000000084b00000, 0x0000000084b00000|100%| S|CS|TAMS 0x0000000084a00000, 0x0000000084a00000| Complete 
|  75|0x0000000084b00000, 0x0000000084c00000, 0x0000000084c00000|100%| S|CS|TAMS 0x0000000084b00000, 0x0000000084b00000| Complete 
|  76|0x0000000084c00000, 0x0000000084d00000, 0x0000000084d00000|100%| S|CS|TAMS 0x0000000084c00000, 0x0000000084c00000| Complete 
|  77|0x0000000084d00000, 0x0000000084e00000, 0x0000000084e00000|100%| S|CS|TAMS 0x0000000084d00000, 0x0000000084d00000| Complete 
|  78|0x0000000084e00000, 0x0000000084f00000, 0x0000000084f00000|100%| S|CS|TAMS 0x0000000084e00000, 0x0000000084e00000| Complete 
|  79|0x0000000084f00000, 0x0000000085000000, 0x0000000085000000|100%| S|CS|TAMS 0x0000000084f00000, 0x0000000084f00000| Complete 
|  80|0x0000000085000000, 0x0000000085000000, 0x0000000085100000|  0%| F|  |TAMS 0x0000000085000000, 0x0000000085000000| Untracked 
|  81|0x0000000085100000, 0x0000000085100000, 0x0000000085200000|  0%| F|  |TAMS 0x0000000085100000, 0x0000000085100000| Untracked 
|  82|0x0000000085200000, 0x0000000085200000, 0x0000000085300000|  0%| F|  |TAMS 0x0000000085200000, 0x0000000085200000| Untracked 
|  83|0x0000000085300000, 0x0000000085300000, 0x0000000085400000|  0%| F|  |TAMS 0x0000000085300000, 0x0000000085300000| Untracked 
|  84|0x0000000085400000, 0x0000000085400000, 0x0000000085500000|  0%| F|  |TAMS 0x0000000085400000, 0x0000000085400000| Untracked 
|  85|0x0000000085500000, 0x0000000085500000, 0x0000000085600000|  0%| F|  |TAMS 0x0000000085500000, 0x0000000085500000| Untracked 
|  86|0x0000000085600000, 0x0000000085600000, 0x0000000085700000|  0%| F|  |TAMS 0x0000000085600000, 0x0000000085600000| Untracked 
|  87|0x0000000085700000, 0x0000000085700000, 0x0000000085800000|  0%| F|  |TAMS 0x0000000085700000, 0x0000000085700000| Untracked 
|  88|0x0000000085800000, 0x0000000085800000, 0x0000000085900000|  0%| F|  |TAMS 0x0000000085800000, 0x0000000085800000| Untracked 
|  89|0x0000000085900000, 0x0000000085900000, 0x0000000085a00000|  0%| F|  |TAMS 0x0000000085900000, 0x0000000085900000| Untracked 
|  90|0x0000000085a00000, 0x0000000085a00000, 0x0000000085b00000|  0%| F|  |TAMS 0x0000000085a00000, 0x0000000085a00000| Untracked 
|  91|0x0000000085b00000, 0x0000000085b00000, 0x0000000085c00000|  0%| F|  |TAMS 0x0000000085b00000, 0x0000000085b00000| Untracked 
|  92|0x0000000085c00000, 0x0000000085c00000, 0x0000000085d00000|  0%| F|  |TAMS 0x0000000085c00000, 0x0000000085c00000| Untracked 
|  93|0x0000000085d00000, 0x0000000085d00000, 0x0000000085e00000|  0%| F|  |TAMS 0x0000000085d00000, 0x0000000085d00000| Untracked 
|  94|0x0000000085e00000, 0x0000000085e00000, 0x0000000085f00000|  0%| F|  |TAMS 0x0000000085e00000, 0x0000000085e00000| Untracked 
|  95|0x0000000085f00000, 0x0000000085f00000, 0x0000000086000000|  0%| F|  |TAMS 0x0000000085f00000, 0x0000000085f00000| Untracked 
|  96|0x0000000086000000, 0x0000000086000000, 0x0000000086100000|  0%| F|  |TAMS 0x0000000086000000, 0x0000000086000000| Untracked 
|  97|0x0000000086100000, 0x0000000086100000, 0x0000000086200000|  0%| F|  |TAMS 0x0000000086100000, 0x0000000086100000| Untracked 
|  98|0x0000000086200000, 0x0000000086200000, 0x0000000086300000|  0%| F|  |TAMS 0x0000000086200000, 0x0000000086200000| Untracked 
|  99|0x0000000086300000, 0x0000000086300000, 0x0000000086400000|  0%| F|  |TAMS 0x0000000086300000, 0x0000000086300000| Untracked 
| 100|0x0000000086400000, 0x0000000086400000, 0x0000000086500000|  0%| F|  |TAMS 0x0000000086400000, 0x0000000086400000| Untracked 
| 101|0x0000000086500000, 0x0000000086500000, 0x0000000086600000|  0%| F|  |TAMS 0x0000000086500000, 0x0000000086500000| Untracked 
| 102|0x0000000086600000, 0x0000000086600000, 0x0000000086700000|  0%| F|  |TAMS 0x0000000086600000, 0x0000000086600000| Untracked 
| 103|0x0000000086700000, 0x0000000086700000, 0x0000000086800000|  0%| F|  |TAMS 0x0000000086700000, 0x0000000086700000| Untracked 
| 104|0x0000000086800000, 0x0000000086800000, 0x0000000086900000|  0%| F|  |TAMS 0x0000000086800000, 0x0000000086800000| Untracked 
| 105|0x0000000086900000, 0x0000000086900000, 0x0000000086a00000|  0%| F|  |TAMS 0x0000000086900000, 0x0000000086900000| Untracked 
| 106|0x0000000086a00000, 0x0000000086a00000, 0x0000000086b00000|  0%| F|  |TAMS 0x0000000086a00000, 0x0000000086a00000| Untracked 
| 107|0x0000000086b00000, 0x0000000086b00000, 0x0000000086c00000|  0%| F|  |TAMS 0x0000000086b00000, 0x0000000086b00000| Untracked 
| 108|0x0000000086c00000, 0x0000000086c00000, 0x0000000086d00000|  0%| F|  |TAMS 0x0000000086c00000, 0x0000000086c00000| Untracked 
| 109|0x0000000086d00000, 0x0000000086d00000, 0x0000000086e00000|  0%| F|  |TAMS 0x0000000086d00000, 0x0000000086d00000| Untracked 
| 110|0x0000000086e00000, 0x0000000086e00000, 0x0000000086f00000|  0%| F|  |TAMS 0x0000000086e00000, 0x0000000086e00000| Untracked 
| 111|0x0000000086f00000, 0x0000000086f00000, 0x0000000087000000|  0%| F|  |TAMS 0x0000000086f00000, 0x0000000086f00000| Untracked 
| 112|0x0000000087000000, 0x0000000087000000, 0x0000000087100000|  0%| F|  |TAMS 0x0000000087000000, 0x0000000087000000| Untracked 
| 113|0x0000000087100000, 0x0000000087100000, 0x0000000087200000|  0%| F|  |TAMS 0x0000000087100000, 0x0000000087100000| Untracked 
| 114|0x0000000087200000, 0x0000000087200000, 0x0000000087300000|  0%| F|  |TAMS 0x0000000087200000, 0x0000000087200000| Untracked 
| 115|0x0000000087300000, 0x0000000087300000, 0x0000000087400000|  0%| F|  |TAMS 0x0000000087300000, 0x0000000087300000| Untracked 
| 116|0x0000000087400000, 0x0000000087400000, 0x0000000087500000|  0%| F|  |TAMS 0x0000000087400000, 0x0000000087400000| Untracked 
| 117|0x0000000087500000, 0x0000000087500000, 0x0000000087600000|  0%| F|  |TAMS 0x0000000087500000, 0x0000000087500000| Untracked 
| 118|0x0000000087600000, 0x0000000087600000, 0x0000000087700000|  0%| F|  |TAMS 0x0000000087600000, 0x0000000087600000| Untracked 
| 119|0x0000000087700000, 0x0000000087700000, 0x0000000087800000|  0%| F|  |TAMS 0x0000000087700000, 0x0000000087700000| Untracked 
| 120|0x0000000087800000, 0x0000000087800000, 0x0000000087900000|  0%| F|  |TAMS 0x0000000087800000, 0x0000000087800000| Untracked 
| 121|0x0000000087900000, 0x0000000087900000, 0x0000000087a00000|  0%| F|  |TAMS 0x0000000087900000, 0x0000000087900000| Untracked 
| 122|0x0000000087a00000, 0x0000000087a00000, 0x0000000087b00000|  0%| F|  |TAMS 0x0000000087a00000, 0x0000000087a00000| Untracked 
| 123|0x0000000087b00000, 0x0000000087b00000, 0x0000000087c00000|  0%| F|  |TAMS 0x0000000087b00000, 0x0000000087b00000| Untracked 
| 124|0x0000000087c00000, 0x0000000087c00000, 0x0000000087d00000|  0%| F|  |TAMS 0x0000000087c00000, 0x0000000087c00000| Untracked 
| 125|0x0000000087d00000, 0x0000000087d00000, 0x0000000087e00000|  0%| F|  |TAMS 0x0000000087d00000, 0x0000000087d00000| Untracked 
| 126|0x0000000087e00000, 0x0000000087e00000, 0x0000000087f00000|  0%| F|  |TAMS 0x0000000087e00000, 0x0000000087e00000| Untracked 
| 127|0x0000000087f00000, 0x0000000087f00000, 0x0000000088000000|  0%| F|  |TAMS 0x0000000087f00000, 0x0000000087f00000| Untracked 
| 128|0x0000000088000000, 0x0000000088000000, 0x0000000088100000|  0%| F|  |TAMS 0x0000000088000000, 0x0000000088000000| Untracked 
| 129|0x0000000088100000, 0x0000000088100000, 0x0000000088200000|  0%| F|  |TAMS 0x0000000088100000, 0x0000000088100000| Untracked 
| 130|0x0000000088200000, 0x0000000088200000, 0x0000000088300000|  0%| F|  |TAMS 0x0000000088200000, 0x0000000088200000| Untracked 
| 131|0x0000000088300000, 0x0000000088300000, 0x0000000088400000|  0%| F|  |TAMS 0x0000000088300000, 0x0000000088300000| Untracked 
| 132|0x0000000088400000, 0x0000000088400000, 0x0000000088500000|  0%| F|  |TAMS 0x0000000088400000, 0x0000000088400000| Untracked 
| 133|0x0000000088500000, 0x0000000088500000, 0x0000000088600000|  0%| F|  |TAMS 0x0000000088500000, 0x0000000088500000| Untracked 
| 134|0x0000000088600000, 0x0000000088600000, 0x0000000088700000|  0%| F|  |TAMS 0x0000000088600000, 0x0000000088600000| Untracked 
| 135|0x0000000088700000, 0x0000000088700000, 0x0000000088800000|  0%| F|  |TAMS 0x0000000088700000, 0x0000000088700000| Untracked 
| 136|0x0000000088800000, 0x0000000088800000, 0x0000000088900000|  0%| F|  |TAMS 0x0000000088800000, 0x0000000088800000| Untracked 
| 137|0x0000000088900000, 0x0000000088900000, 0x0000000088a00000|  0%| F|  |TAMS 0x0000000088900000, 0x0000000088900000| Untracked 
| 138|0x0000000088a00000, 0x0000000088a00000, 0x0000000088b00000|  0%| F|  |TAMS 0x0000000088a00000, 0x0000000088a00000| Untracked 
| 139|0x0000000088b00000, 0x0000000088b00000, 0x0000000088c00000|  0%| F|  |TAMS 0x0000000088b00000, 0x0000000088b00000| Untracked 
| 140|0x0000000088c00000, 0x0000000088c00000, 0x0000000088d00000|  0%| F|  |TAMS 0x0000000088c00000, 0x0000000088c00000| Untracked 
| 141|0x0000000088d00000, 0x0000000088d00000, 0x0000000088e00000|  0%| F|  |TAMS 0x0000000088d00000, 0x0000000088d00000| Untracked 
| 142|0x0000000088e00000, 0x0000000088e00000, 0x0000000088f00000|  0%| F|  |TAMS 0x0000000088e00000, 0x0000000088e00000| Untracked 
| 143|0x0000000088f00000, 0x0000000088f00000, 0x0000000089000000|  0%| F|  |TAMS 0x0000000088f00000, 0x0000000088f00000| Untracked 
| 144|0x0000000089000000, 0x0000000089000000, 0x0000000089100000|  0%| F|  |TAMS 0x0000000089000000, 0x0000000089000000| Untracked 
| 145|0x0000000089100000, 0x0000000089100000, 0x0000000089200000|  0%| F|  |TAMS 0x0000000089100000, 0x0000000089100000| Untracked 
| 146|0x0000000089200000, 0x0000000089200000, 0x0000000089300000|  0%| F|  |TAMS 0x0000000089200000, 0x0000000089200000| Untracked 
| 147|0x0000000089300000, 0x0000000089300000, 0x0000000089400000|  0%| F|  |TAMS 0x0000000089300000, 0x0000000089300000| Untracked 
| 148|0x0000000089400000, 0x0000000089400000, 0x0000000089500000|  0%| F|  |TAMS 0x0000000089400000, 0x0000000089400000| Untracked 
| 149|0x0000000089500000, 0x0000000089500000, 0x0000000089600000|  0%| F|  |TAMS 0x0000000089500000, 0x0000000089500000| Untracked 
| 150|0x0000000089600000, 0x0000000089600000, 0x0000000089700000|  0%| F|  |TAMS 0x0000000089600000, 0x0000000089600000| Untracked 
| 151|0x0000000089700000, 0x0000000089700000, 0x0000000089800000|  0%| F|  |TAMS 0x0000000089700000, 0x0000000089700000| Untracked 
| 152|0x0000000089800000, 0x0000000089800000, 0x0000000089900000|  0%| F|  |TAMS 0x0000000089800000, 0x0000000089800000| Untracked 
| 153|0x0000000089900000, 0x0000000089900000, 0x0000000089a00000|  0%| F|  |TAMS 0x0000000089900000, 0x0000000089900000| Untracked 

Card table byte_map: [0x000001c5dee70000,0x000001c5df270000] _byte_map_base: 0x000001c5dea70000

Marking Bits (Prev, Next): (CMBitMap*) 0x000001c5c9eae610, (CMBitMap*) 0x000001c5c9eae5d8
 Prev Bits: [0x000001c5e1670000, 0x000001c5e3670000)
 Next Bits: [0x000001c5df670000, 0x000001c5e1670000)

Polling page: 0x000001c5c9d00000

Metaspace:

Usage:
  Non-class:     55.75 MB capacity,    54.80 MB ( 98%) used,   833.49 KB (  1%) free+waste,   139.13 KB ( <1%) overhead. 
      Class:      8.68 MB capacity,     8.16 MB ( 94%) used,   468.13 KB (  5%) free+waste,    65.56 KB ( <1%) overhead. 
       Both:     64.43 MB capacity,    62.96 MB ( 98%) used,     1.27 MB (  2%) free+waste,   204.69 KB ( <1%) overhead. 

Virtual space:
  Non-class space:       56.00 MB reserved,      55.99 MB (>99%) committed 
      Class space:        1.00 GB reserved,       8.75 MB ( <1%) committed 
             Both:        1.05 GB reserved,      64.74 MB (  6%) committed 

Chunk freelists:
   Non-Class:  57.00 KB
       Class:  5.00 KB
        Both:  62.00 KB

MaxMetaspaceSize: 17179869184.00 GB
CompressedClassSpaceSize: 1.00 GB

CodeHeap 'non-profiled nmethods': size=120000Kb used=2628Kb max_used=2628Kb free=117371Kb
 bounds [0x000001c5d6ae0000, 0x000001c5d6d80000, 0x000001c5de010000]
CodeHeap 'profiled nmethods': size=120000Kb used=11580Kb max_used=11580Kb free=108419Kb
 bounds [0x000001c5cf5b0000, 0x000001c5d0110000, 0x000001c5d6ae0000]
CodeHeap 'non-nmethods': size=5760Kb used=2235Kb max_used=2278Kb free=3524Kb
 bounds [0x000001c5cf010000, 0x000001c5cf280000, 0x000001c5cf5b0000]
 total_blobs=6261 nmethods=5442 adapters=730
 compilation: enabled
              stopped_count=0, restarted_count=0
 full_count=0

Compilation events (20 events):
Event: 7.064 Thread 0x000001c5e6172000 5708       2       org.gradle.internal.instantiation.generator.ManagedObjectFactory::getObjectFactory (15 bytes)
Event: 7.064 Thread 0x000001c5e6172000 nmethod 5708 0x000001c5d00ff490 code [0x000001c5d00ff640, 0x000001c5d00ff7a8]
Event: 7.064 Thread 0x000001c5e6172000 5709       2       org.gradle.api.internal.provider.AbstractProperty::attachOwner (6 bytes)
Event: 7.064 Thread 0x000001c5e6172000 nmethod 5709 0x000001c5d00ff890 code [0x000001c5d00ffa40, 0x000001c5d00ffb78]
Event: 7.064 Thread 0x000001c5e6172000 5705       2       org.gradle.internal.instantiation.generator.ManagedObjectFactory::newInstance (160 bytes)
Event: 7.065 Thread 0x000001c5e6172000 nmethod 5705 0x000001c5d00ffc10 code [0x000001c5d00fffe0, 0x000001c5d0100ed8]
Event: 7.076 Thread 0x000001c5e6172000 5710       2       java.util.regex.Pattern$BranchConn::match (11 bytes)
Event: 7.076 Thread 0x000001c5e6172000 nmethod 5710 0x000001c5d0101510 code [0x000001c5d01016c0, 0x000001c5d01017e8]
Event: 7.082 Thread 0x000001c5e616d000 nmethod 5522 0x000001c5d6d66010 code [0x000001c5d6d665e0, 0x000001c5d6d6d7f0]
Event: 7.082 Thread 0x000001c5e616d000 5658       4       org.objectweb.asm.Frame::accept (264 bytes)
Event: 7.084 Thread 0x000001c5e6172000 5711       1       java.io.ObjectStreamClass$FieldReflectorKey::hashCode (5 bytes)
Event: 7.084 Thread 0x000001c5e6172000 nmethod 5711 0x000001c5d6d70b90 code [0x000001c5d6d70d40, 0x000001c5d6d70df8]
Event: 7.086 Thread 0x000001c5e6172000 5712       3       com.google.protobuf.UnsafeUtil::putByte (14 bytes)
Event: 7.086 Thread 0x000001c5e6172000 nmethod 5712 0x000001c5d0101890 code [0x000001c5d0101a60, 0x000001c5d0101c98]
Event: 7.086 Thread 0x000001c5e6172000 5714       3       sun.misc.Unsafe::putByte (11 bytes)
Event: 7.086 Thread 0x000001c5e6172000 nmethod 5714 0x000001c5d0101e10 code [0x000001c5d0101fc0, 0x000001c5d01020b8]
Event: 7.086 Thread 0x000001c5e6172000 5713       3       com.google.protobuf.UnsafeUtil$JvmMemoryAccessor::putByte (12 bytes)
Event: 7.086 Thread 0x000001c5e6172000 nmethod 5713 0x000001c5d0102190 code [0x000001c5d0102340, 0x000001c5d01024f8]
Event: 7.087 Thread 0x000001c5e6172000 5716       3       java.io.ObjectInputStream$PeekInputStream::peek (49 bytes)
Event: 7.087 Thread 0x000001c5e6172000 nmethod 5716 0x000001c5d0102610 code [0x000001c5d01027e0, 0x000001c5d0102a68]

GC Heap History (20 events):
Event: 0.724 GC heap after
{Heap after GC invocations=1 (full 0):
 garbage-first heap   total 131072K, used 8562K [0x0000000080000000, 0x0000000100000000)
  region size 1024K, 3 young (3072K), 3 survivors (3072K)
 Metaspace       used 10687K, capacity 10890K, committed 11008K, reserved 1058816K
  class space    used 1131K, capacity 1202K, committed 1280K, reserved 1048576K
}
Event: 1.815 GC heap before
{Heap before GC invocations=1 (full 0):
 garbage-first heap   total 131072K, used 82290K [0x0000000080000000, 0x0000000100000000)
  region size 1024K, 76 young (77824K), 3 survivors (3072K)
 Metaspace       used 18972K, capacity 19357K, committed 19712K, reserved 1067008K
  class space    used 2297K, capacity 2434K, committed 2560K, reserved 1048576K
}
Event: 1.821 GC heap after
{Heap after GC invocations=2 (full 0):
 garbage-first heap   total 131072K, used 15646K [0x0000000080000000, 0x0000000100000000)
  region size 1024K, 10 young (10240K), 10 survivors (10240K)
 Metaspace       used 18972K, capacity 19357K, committed 19712K, reserved 1067008K
  class space    used 2297K, capacity 2434K, committed 2560K, reserved 1048576K
}
Event: 1.920 GC heap before
{Heap before GC invocations=2 (full 0):
 garbage-first heap   total 131072K, used 24862K [0x0000000080000000, 0x0000000100000000)
  region size 1024K, 20 young (20480K), 10 survivors (10240K)
 Metaspace       used 20591K, capacity 21092K, committed 21248K, reserved 1067008K
  class space    used 2522K, capacity 2719K, committed 2816K, reserved 1048576K
}
Event: 1.926 GC heap after
{Heap after GC invocations=3 (full 0):
 garbage-first heap   total 131072K, used 16149K [0x0000000080000000, 0x0000000100000000)
  region size 1024K, 1 young (1024K), 1 survivors (1024K)
 Metaspace       used 20591K, capacity 21092K, committed 21248K, reserved 1067008K
  class space    used 2522K, capacity 2719K, committed 2816K, reserved 1048576K
}
Event: 2.452 GC heap before
{Heap before GC invocations=4 (full 0):
 garbage-first heap   total 131072K, used 69397K [0x0000000080000000, 0x0000000100000000)
  region size 1024K, 48 young (49152K), 1 survivors (1024K)
 Metaspace       used 25982K, capacity 26763K, committed 27008K, reserved 1073152K
  class space    used 3384K, capacity 3645K, committed 3712K, reserved 1048576K
}
Event: 2.455 GC heap after
{Heap after GC invocations=5 (full 0):
 garbage-first heap   total 131072K, used 23680K [0x0000000080000000, 0x0000000100000000)
  region size 1024K, 4 young (4096K), 4 survivors (4096K)
 Metaspace       used 25982K, capacity 26763K, committed 27008K, reserved 1073152K
  class space    used 3384K, capacity 3645K, committed 3712K, reserved 1048576K
}
Event: 3.067 GC heap before
{Heap before GC invocations=5 (full 0):
 garbage-first heap   total 131072K, used 73856K [0x0000000080000000, 0x0000000100000000)
  region size 1024K, 53 young (54272K), 4 survivors (4096K)
 Metaspace       used 34385K, capacity 35187K, committed 35328K, reserved 1079296K
  class space    used 4455K, capacity 4772K, committed 4864K, reserved 1048576K
}
Event: 3.073 GC heap after
{Heap after GC invocations=6 (full 0):
 garbage-first heap   total 131072K, used 26893K [0x0000000080000000, 0x0000000100000000)
  region size 1024K, 7 young (7168K), 7 survivors (7168K)
 Metaspace       used 34385K, capacity 35187K, committed 35328K, reserved 1079296K
  class space    used 4455K, capacity 4772K, committed 4864K, reserved 1048576K
}
Event: 3.114 GC heap before
{Heap before GC invocations=6 (full 0):
 garbage-first heap   total 131072K, used 29965K [0x0000000080000000, 0x0000000100000000)
  region size 1024K, 11 young (11264K), 7 survivors (7168K)
 Metaspace       used 34973K, capacity 35796K, committed 35840K, reserved 1081344K
  class space    used 4553K, capacity 4848K, committed 4864K, reserved 1048576K
}
Event: 3.120 GC heap after
{Heap after GC invocations=7 (full 0):
 garbage-first heap   total 131072K, used 27204K [0x0000000080000000, 0x0000000100000000)
  region size 1024K, 4 young (4096K), 4 survivors (4096K)
 Metaspace       used 34973K, capacity 35796K, committed 35840K, reserved 1081344K
  class space    used 4553K, capacity 4848K, committed 4864K, reserved 1048576K
}
Event: 3.648 GC heap before
{Heap before GC invocations=8 (full 0):
 garbage-first heap   total 131072K, used 87620K [0x0000000080000000, 0x0000000100000000)
  region size 1024K, 60 young (61440K), 4 survivors (4096K)
 Metaspace       used 40590K, capacity 41512K, committed 41728K, reserved 1085440K
  class space    used 5194K, capacity 5515K, committed 5632K, reserved 1048576K
}
Event: 3.655 GC heap after
{Heap after GC invocations=9 (full 0):
 garbage-first heap   total 157696K, used 30150K [0x0000000080000000, 0x0000000100000000)
  region size 1024K, 7 young (7168K), 7 survivors (7168K)
 Metaspace       used 40590K, capacity 41512K, committed 41728K, reserved 1085440K
  class space    used 5194K, capacity 5515K, committed 5632K, reserved 1048576K
}
Event: 4.504 GC heap before
{Heap before GC invocations=9 (full 0):
 garbage-first heap   total 157696K, used 105926K [0x0000000080000000, 0x0000000100000000)
  region size 1024K, 79 young (80896K), 7 survivors (7168K)
 Metaspace       used 44251K, capacity 45389K, committed 45568K, reserved 1089536K
  class space    used 5672K, capacity 6104K, committed 6144K, reserved 1048576K
}
Event: 4.511 GC heap after
{Heap after GC invocations=10 (full 0):
 garbage-first heap   total 157696K, used 40157K [0x0000000080000000, 0x0000000100000000)
  region size 1024K, 10 young (10240K), 10 survivors (10240K)
 Metaspace       used 44251K, capacity 45389K, committed 45568K, reserved 1089536K
  class space    used 5672K, capacity 6104K, committed 6144K, reserved 1048576K
}
Event: 5.817 GC heap before
{Heap before GC invocations=10 (full 0):
 garbage-first heap   total 157696K, used 109789K [0x0000000080000000, 0x0000000100000000)
  region size 1024K, 78 young (79872K), 10 survivors (10240K)
 Metaspace       used 53911K, capacity 55217K, committed 55552K, reserved 1097728K
  class space    used 6876K, capacity 7330K, committed 7424K, reserved 1048576K
}
Event: 5.830 GC heap after
{Heap after GC invocations=11 (full 0):
 garbage-first heap   total 157696K, used 45466K [0x0000000080000000, 0x0000000100000000)
  region size 1024K, 5 young (5120K), 5 survivors (5120K)
 Metaspace       used 53911K, capacity 55217K, committed 55552K, reserved 1097728K
  class space    used 6876K, capacity 7330K, committed 7424K, reserved 1048576K
}
Event: 6.301 GC heap before
{Heap before GC invocations=11 (full 0):
 garbage-first heap   total 157696K, used 89498K [0x0000000080000000, 0x0000000100000000)
  region size 1024K, 49 young (50176K), 5 survivors (5120K)
 Metaspace       used 58413K, capacity 59863K, committed 59904K, reserved 1101824K
  class space    used 7395K, capacity 7908K, committed 7936K, reserved 1048576K
}
Event: 6.311 GC heap after
{Heap after GC invocations=12 (full 0):
 garbage-first heap   total 157696K, used 48928K [0x0000000080000000, 0x0000000100000000)
  region size 1024K, 8 young (8192K), 8 survivors (8192K)
 Metaspace       used 58413K, capacity 59863K, committed 59904K, reserved 1101824K
  class space    used 7395K, capacity 7908K, committed 7936K, reserved 1048576K
}
Event: 7.087 GC heap before
{Heap before GC invocations=13 (full 0):
 garbage-first heap   total 157696K, used 116512K [0x0000000080000000, 0x0000000100000000)
  region size 1024K, 74 young (75776K), 8 survivors (8192K)
 Metaspace       used 64471K, capacity 65978K, committed 66296K, reserved 1105920K
  class space    used 8357K, capacity 8891K, committed 8960K, reserved 1048576K
}

Deoptimization events (20 events):
Event: 6.291 Thread 0x000001c5e8a71800 DEOPT PACKING pc=0x000001c5d6c8a460 sp=0x0000003b50af6a50
Event: 6.291 Thread 0x000001c5e8a71800 DEOPT UNPACKING pc=0x000001c5cf0374af sp=0x0000003b50af6938 mode 2
Event: 6.291 Thread 0x000001c5e8a71800 Uncommon trap: trap_request=0xffffff4d fr.pc=0x000001c5d6b4c1c0 relative=0x0000000000000380
Event: 6.291 Thread 0x000001c5e8a71800 Uncommon trap: reason=unstable_if action=reinterpret pc=0x000001c5d6b4c1c0 method=java.lang.AbstractStringBuilder.isLatin1()Z @ 10 c2
Event: 6.291 Thread 0x000001c5e8a71800 DEOPT PACKING pc=0x000001c5d6b4c1c0 sp=0x0000003b50af6af0
Event: 6.291 Thread 0x000001c5e8a71800 DEOPT UNPACKING pc=0x000001c5cf0374af sp=0x0000003b50af6a70 mode 2
Event: 6.291 Thread 0x000001c5e8a71800 Uncommon trap: trap_request=0xffffff4d fr.pc=0x000001c5d6b23614 relative=0x0000000000000454
Event: 6.291 Thread 0x000001c5e8a71800 Uncommon trap: reason=unstable_if action=reinterpret pc=0x000001c5d6b23614 method=java.lang.AbstractStringBuilder.putStringAt(ILjava/lang/String;)V @ 8 c2
Event: 6.291 Thread 0x000001c5e8a71800 DEOPT PACKING pc=0x000001c5d6b23614 sp=0x0000003b50af6750
Event: 6.291 Thread 0x000001c5e8a71800 DEOPT UNPACKING pc=0x000001c5cf0374af sp=0x0000003b50af66b0 mode 2
Event: 6.291 Thread 0x000001c5e8a71800 Uncommon trap: trap_request=0xffffff4d fr.pc=0x000001c5d6b0f3ec relative=0x00000000000000cc
Event: 6.291 Thread 0x000001c5e8a71800 Uncommon trap: reason=unstable_if action=reinterpret pc=0x000001c5d6b0f3ec method=java.lang.String.getBytes([BIB)V @ 5 c2
Event: 6.291 Thread 0x000001c5e8a71800 DEOPT PACKING pc=0x000001c5d6b0f3ec sp=0x0000003b50af66d0
Event: 6.291 Thread 0x000001c5e8a71800 DEOPT UNPACKING pc=0x000001c5cf0374af sp=0x0000003b50af6678 mode 2
Event: 6.291 Thread 0x000001c5e8a71800 Uncommon trap: trap_request=0xffffff4d fr.pc=0x000001c5d6b28c98 relative=0x0000000000000458
Event: 6.291 Thread 0x000001c5e8a71800 Uncommon trap: reason=unstable_if action=reinterpret pc=0x000001c5d6b28c98 method=java.lang.String.substring(II)Ljava/lang/String; @ 31 c2
Event: 6.291 Thread 0x000001c5e8a71800 DEOPT PACKING pc=0x000001c5d6b28c98 sp=0x0000003b50af66e0
Event: 6.291 Thread 0x000001c5e8a71800 DEOPT UNPACKING pc=0x000001c5cf0374af sp=0x0000003b50af6698 mode 2
Event: 6.646 Thread 0x000001c5e8a71800 DEOPT PACKING pc=0x000001c5d0070a5d sp=0x0000003b50af8b20
Event: 6.646 Thread 0x000001c5e8a71800 DEOPT UNPACKING pc=0x000001c5cf0372ce sp=0x0000003b50af7fd8 mode 0

Classes redefined (0 events):
No events

Internal exceptions (20 events):
Event: 6.458 Thread 0x000001c5e8a71800 Exception <a 'java/lang/ClassNotFoundException'{0x00000000887d25d0}: com/android/build/gradle/internal/dsl/BuildType_DecoratedCustomizer> (0x00000000887d25d0) thrown at [./src/hotspot/share/classfile/systemDictionary.cpp, line 231]
Event: 6.462 Thread 0x000001c5e8a71800 Exception <a 'java/lang/ClassNotFoundException'{0x000000008868d698}: build_5bbcv1cm3dba7rzzaggp25v29$_run_closure1$_closure4BeanInfo> (0x000000008868d698) thrown at [./src/hotspot/share/classfile/systemDictionary.cpp, line 231]
Event: 6.462 Thread 0x000001c5e8a71800 Exception <a 'java/lang/ClassNotFoundException'{0x000000008869d920}: build_5bbcv1cm3dba7rzzaggp25v29$_run_closure1$_closure4Customizer> (0x000000008869d920) thrown at [./src/hotspot/share/classfile/systemDictionary.cpp, line 231]
Event: 6.464 Thread 0x000001c5e8a71800 Exception <a 'java/lang/ClassNotFoundException'{0x00000000886c4d38}: build_5bbcv1cm3dba7rzzaggp25v29$_run_closure1BeanInfo> (0x00000000886c4d38) thrown at [./src/hotspot/share/classfile/systemDictionary.cpp, line 231]
Event: 6.465 Thread 0x000001c5e8a71800 Exception <a 'java/lang/ClassNotFoundException'{0x00000000886d4740}: build_5bbcv1cm3dba7rzzaggp25v29$_run_closure1Customizer> (0x00000000886d4740) thrown at [./src/hotspot/share/classfile/systemDictionary.cpp, line 231]
Event: 6.469 Thread 0x000001c5e8a71800 Exception <a 'java/lang/ClassNotFoundException'{0x000000008852c308}: org/gradle/api/JavaVersionBeanInfo> (0x000000008852c308) thrown at [./src/hotspot/share/classfile/systemDictionary.cpp, line 231]
Event: 6.469 Thread 0x000001c5e8a71800 Exception <a 'java/lang/ClassNotFoundException'{0x00000000885377c0}: java/lang/EnumBeanInfo> (0x00000000885377c0) thrown at [./src/hotspot/share/classfile/systemDictionary.cpp, line 231]
Event: 6.469 Thread 0x000001c5e8a71800 Exception <a 'java/lang/ClassNotFoundException'{0x0000000088542ce8}: java/lang/EnumCustomizer> (0x0000000088542ce8) thrown at [./src/hotspot/share/classfile/systemDictionary.cpp, line 231]
Event: 6.471 Thread 0x000001c5e8a71800 Exception <a 'java/lang/ClassNotFoundException'{0x000000008856dec8}: org/gradle/api/JavaVersionCustomizer> (0x000000008856dec8) thrown at [./src/hotspot/share/classfile/systemDictionary.cpp, line 231]
Event: 6.474 Thread 0x000001c5e8a71800 Exception <a 'java/lang/ClassNotFoundException'{0x00000000885bd200}: com/android/build/gradle/internal/CompileOptions_DecoratedBeanInfo> (0x00000000885bd200) thrown at [./src/hotspot/share/classfile/systemDictionary.cpp, line 231]
Event: 6.474 Thread 0x000001c5e8a71800 Exception <a 'java/lang/ClassNotFoundException'{0x00000000885d38a8}: com/android/build/gradle/internal/CompileOptionsBeanInfo> (0x00000000885d38a8) thrown at [./src/hotspot/share/classfile/systemDictionary.cpp, line 231]
Event: 6.474 Thread 0x000001c5e8a71800 Exception <a 'java/lang/ClassNotFoundException'{0x00000000885ea590}: com/android/build/gradle/internal/CompileOptionsCustomizer> (0x00000000885ea590) thrown at [./src/hotspot/share/classfile/systemDictionary.cpp, line 231]
Event: 6.475 Thread 0x000001c5e8a71800 Exception <a 'java/lang/ClassNotFoundException'{0x000000008840de80}: com/android/build/gradle/internal/CompileOptions_DecoratedCustomizer> (0x000000008840de80) thrown at [./src/hotspot/share/classfile/systemDictionary.cpp, line 231]
Event: 7.028 Thread 0x000001c5e8a71800 Exception <a 'java/lang/ClassNotFoundException'{0x000000008543fda0}: com/android/build/gradle/internal/api/ApkVariantOutputImpl_DecoratedBeanInfo> (0x000000008543fda0) thrown at [./src/hotspot/share/classfile/systemDictionary.cpp, line 231]
Event: 7.029 Thread 0x000001c5e8a71800 Exception <a 'java/lang/ClassNotFoundException'{0x0000000085455fe8}: com/android/build/gradle/internal/api/ApkVariantOutputImplBeanInfo> (0x0000000085455fe8) thrown at [./src/hotspot/share/classfile/systemDictionary.cpp, line 231]
Event: 7.029 Thread 0x000001c5e8a71800 Exception <a 'java/lang/ClassNotFoundException'{0x000000008546c868}: com/android/build/gradle/internal/api/BaseVariantOutputImplBeanInfo> (0x000000008546c868) thrown at [./src/hotspot/share/classfile/systemDictionary.cpp, line 231]
Event: 7.029 Thread 0x000001c5e8a71800 Exception <a 'java/lang/ClassNotFoundException'{0x0000000085483380}: com/android/build/gradle/internal/api/BaseVariantOutputImplCustomizer> (0x0000000085483380) thrown at [./src/hotspot/share/classfile/systemDictionary.cpp, line 231]
Event: 7.030 Thread 0x000001c5e8a71800 Exception <a 'java/lang/ClassNotFoundException'{0x00000000854ac300}: com/android/build/gradle/internal/api/ApkVariantOutputImplCustomizer> (0x00000000854ac300) thrown at [./src/hotspot/share/classfile/systemDictionary.cpp, line 231]
Event: 7.031 Thread 0x000001c5e8a71800 Exception <a 'java/lang/ClassNotFoundException'{0x00000000854d1260}: com/android/build/gradle/internal/api/ApkVariantOutputImpl_DecoratedCustomizer> (0x00000000854d1260) thrown at [./src/hotspot/share/classfile/systemDictionary.cpp, line 231]
Event: 7.084 Thread 0x000001c5e8a71800 Exception <a 'java/lang/NoSuchMethodError'{0x00000000850c5dc8}: <clinit>> (0x00000000850c5dc8) thrown at [./src/hotspot/share/prims/jni.cpp, line 1362]

Events (20 events):
Event: 7.081 loading class com/google/common/collect/HashBiMap$Inverse done
Event: 7.081 loading class com/google/common/base/Objects
Event: 7.081 loading class com/google/common/base/Objects done
Event: 7.082 loading class com/google/common/base/ExtraObjectsMethodsForWeb
Event: 7.082 loading class com/google/common/base/ExtraObjectsMethodsForWeb done
Event: 7.082 loading class org/gradle/internal/snapshot/impl/MapEntrySnapshot
Event: 7.082 loading class org/gradle/internal/snapshot/impl/MapEntrySnapshot done
Event: 7.082 loading class java/io/ObjectOutputStream$BlockDataOutputStream
Event: 7.083 loading class java/io/ObjectOutputStream$BlockDataOutputStream done
Event: 7.083 loading class java/io/ObjectOutputStream$HandleTable
Event: 7.083 loading class java/io/ObjectOutputStream$HandleTable done
Event: 7.083 loading class java/io/ObjectOutputStream$ReplaceTable
Event: 7.083 loading class java/io/ObjectOutputStream$ReplaceTable done
Event: 7.084 loading class com/google/protobuf/UnmodifiableLazyStringList
Event: 7.084 loading class com/google/protobuf/UnmodifiableLazyStringList done
Event: 7.087 loading class java/util/Base64$Decoder
Event: 7.087 loading class java/util/Base64$Decoder done
Event: 7.087 loading class com/google/protobuf/UnknownFieldSet$Builder
Event: 7.087 loading class com/google/protobuf/UnknownFieldSet$Builder done
Event: 7.087 Executing VM operation: G1CollectForAllocation


Dynamic libraries:
0x00007ff7c1e60000 - 0x00007ff7c1e6a000 	C:\Program Files\Android\Android Studio1\jre\bin\java.exe
0x00007ff9670d0000 - 0x00007ff9672c5000 	C:\WINDOWS\SYSTEM32\ntdll.dll
0x00007ff965e70000 - 0x00007ff965f2d000 	C:\WINDOWS\System32\KERNEL32.DLL
0x00007ff964810000 - 0x00007ff964ad8000 	C:\WINDOWS\System32\KERNELBASE.dll
0x00007ff964ce0000 - 0x00007ff964de0000 	C:\WINDOWS\System32\ucrtbase.dll
0x00007ff953050000 - 0x00007ff953067000 	C:\Program Files\Android\Android Studio1\jre\bin\VCRUNTIME140.dll
0x00007ff952c90000 - 0x00007ff952ca9000 	C:\Program Files\Android\Android Studio1\jre\bin\jli.dll
0x00007ff9662c0000 - 0x00007ff966460000 	C:\WINDOWS\System32\USER32.dll
0x00007ff964e40000 - 0x00007ff964e62000 	C:\WINDOWS\System32\win32u.dll
0x00007ff966460000 - 0x00007ff96648a000 	C:\WINDOWS\System32\GDI32.dll
0x00007ff964b30000 - 0x00007ff964c3b000 	C:\WINDOWS\System32\gdi32full.dll
0x00007ff963bd0000 - 0x00007ff963e6a000 	C:\WINDOWS\WinSxS\amd64_microsoft.windows.common-controls_6595b64144ccf1df_6.0.19041.844_none_ca00b6081b84eb1d\COMCTL32.dll
0x00007ff964c40000 - 0x00007ff964cdd000 	C:\WINDOWS\System32\msvcp_win.dll
0x00007ff965fb0000 - 0x00007ff96604e000 	C:\WINDOWS\System32\msvcrt.dll
0x00007ff965130000 - 0x00007ff965160000 	C:\WINDOWS\System32\IMM32.DLL
0x00007ff92f010000 - 0x00007ff92f0ad000 	C:\Program Files\Android\Android Studio1\jre\bin\msvcp140.dll
0x00007ff910940000 - 0x00007ff9113fc000 	C:\Program Files\Android\Android Studio1\jre\bin\server\jvm.dll
0x00007ff966fe0000 - 0x00007ff96708c000 	C:\WINDOWS\System32\ADVAPI32.dll
0x00007ff966490000 - 0x00007ff96652b000 	C:\WINDOWS\System32\sechost.dll
0x00007ff9653c0000 - 0x00007ff9654eb000 	C:\WINDOWS\System32\RPCRT4.dll
0x00007ff966730000 - 0x00007ff966738000 	C:\WINDOWS\System32\PSAPI.DLL
0x00007ff952bf0000 - 0x00007ff952c17000 	C:\WINDOWS\SYSTEM32\WINMM.dll
0x00007ff95c770000 - 0x00007ff95c77a000 	C:\WINDOWS\SYSTEM32\VERSION.dll
0x00007ff95f590000 - 0x00007ff95f599000 	C:\WINDOWS\SYSTEM32\WSOCK32.dll
0x00007ff966bb0000 - 0x00007ff966c1b000 	C:\WINDOWS\System32\ws2_32.DLL
0x00007ff962a90000 - 0x00007ff962aa2000 	C:\WINDOWS\SYSTEM32\kernel.appcore.dll
0x00007ff956000000 - 0x00007ff956011000 	C:\Program Files\Android\Android Studio1\jre\bin\verify.dll
0x00007ff964140000 - 0x00007ff964324000 	C:\WINDOWS\SYSTEM32\DBGHELP.DLL
0x00007ff963f70000 - 0x00007ff963f9c000 	C:\WINDOWS\SYSTEM32\dbgcore.DLL
0x00007ff964f50000 - 0x00007ff964fd0000 	C:\WINDOWS\System32\bcryptPrimitives.dll
0x00007ff953070000 - 0x00007ff953099000 	C:\Program Files\Android\Android Studio1\jre\bin\java.dll
0x00007ff95d980000 - 0x00007ff95d98b000 	C:\Program Files\Android\Android Studio1\jre\bin\jimage.dll
0x00007ff955c90000 - 0x00007ff955ca8000 	C:\Program Files\Android\Android Studio1\jre\bin\zip.dll
0x00007ff965720000 - 0x00007ff965e62000 	C:\WINDOWS\System32\SHELL32.dll
0x00007ff9622e0000 - 0x00007ff962a71000 	C:\WINDOWS\SYSTEM32\windows.storage.dll
0x00007ff966c20000 - 0x00007ff966f75000 	C:\WINDOWS\System32\combase.dll
0x00007ff963b30000 - 0x00007ff963b5c000 	C:\WINDOWS\SYSTEM32\Wldp.dll
0x00007ff965160000 - 0x00007ff96520e000 	C:\WINDOWS\System32\SHCORE.dll
0x00007ff966060000 - 0x00007ff9660b5000 	C:\WINDOWS\System32\shlwapi.dll
0x00007ff964750000 - 0x00007ff96476f000 	C:\WINDOWS\SYSTEM32\profapi.dll
0x00007ff954da0000 - 0x00007ff954dba000 	C:\Program Files\Android\Android Studio1\jre\bin\net.dll
0x00007ff953540000 - 0x00007ff95364b000 	C:\WINDOWS\SYSTEM32\WINHTTP.dll
0x00007ff963a40000 - 0x00007ff963aaa000 	C:\WINDOWS\system32\mswsock.dll
0x00007ff954bf0000 - 0x00007ff954c04000 	C:\Program Files\Android\Android Studio1\jre\bin\nio.dll
0x00007ff948e80000 - 0x00007ff948ea7000 	C:\Users\vaish\.gradle\native\fdc75f09e3144964f2cf3f50f0aa648679c211496f362492102eb8c894070792\windows-amd64\native-platform.dll
0x00007ff922960000 - 0x00007ff922af6000 	C:\Users\vaish\.gradle\native\12488b8bf47d2d4c9fbf2f6322a914ad602e24e48041cd04a747c6da556b65c4\windows-amd64\native-platform-file-events.dll
0x00007ff95d8a0000 - 0x00007ff95d8aa000 	C:\Program Files\Android\Android Studio1\jre\bin\management.dll
0x00007ff95d5a0000 - 0x00007ff95d5ac000 	C:\Program Files\Android\Android Studio1\jre\bin\management_ext.dll
0x00007ff9644d0000 - 0x00007ff9644e8000 	C:\WINDOWS\SYSTEM32\CRYPTSP.dll
0x00007ff963260000 - 0x00007ff963294000 	C:\WINDOWS\system32\rsaenh.dll
0x00007ff964e70000 - 0x00007ff964e97000 	C:\WINDOWS\System32\bcrypt.dll
0x00007ff964710000 - 0x00007ff96473e000 	C:\WINDOWS\SYSTEM32\USERENV.dll
0x00007ff963b20000 - 0x00007ff963b2c000 	C:\WINDOWS\SYSTEM32\CRYPTBASE.dll
0x00007ff963590000 - 0x00007ff9635cb000 	C:\WINDOWS\SYSTEM32\IPHLPAPI.DLL
0x00007ff966050000 - 0x00007ff966058000 	C:\WINDOWS\System32\NSI.dll
0x00007ff95f640000 - 0x00007ff95f657000 	C:\WINDOWS\SYSTEM32\dhcpcsvc6.DLL
0x00007ff95f620000 - 0x00007ff95f63d000 	C:\WINDOWS\SYSTEM32\dhcpcsvc.DLL
0x00007ff9635d0000 - 0x00007ff96369c000 	C:\WINDOWS\SYSTEM32\DNSAPI.dll
0x00007ff95c760000 - 0x00007ff95c76b000 	C:\WINDOWS\SYSTEM32\WINNSI.DLL

dbghelp: loaded successfully - version: 4.0.5 - missing functions: none
symbol engine: initialized successfully - sym options: 0x614 - pdb path: .;C:\Program Files\Android\Android Studio1\jre\bin;C:\WINDOWS\SYSTEM32;C:\WINDOWS\WinSxS\amd64_microsoft.windows.common-controls_6595b64144ccf1df_6.0.19041.844_none_ca00b6081b84eb1d;C:\Program Files\Android\Android Studio1\jre\bin\server;C:\Users\vaish\.gradle\native\fdc75f09e3144964f2cf3f50f0aa648679c211496f362492102eb8c894070792\windows-amd64;C:\Users\vaish\.gradle\native\12488b8bf47d2d4c9fbf2f6322a914ad602e24e48041cd04a747c6da556b65c4\windows-amd64

VM Arguments:
jvm_args: --add-opens=java.base/java.util=ALL-UNNAMED --add-opens=java.base/java.lang=ALL-UNNAMED --add-opens=java.base/java.lang.invoke=ALL-UNNAMED --add-opens=java.prefs/java.util.prefs=ALL-UNNAMED -Xmx2048m -Dfile.encoding=UTF-8 -Duser.country=IN -Duser.language=en -Duser.variant 
java_command: org.gradle.launcher.daemon.bootstrap.GradleDaemon 6.7.1
java_class_path (initial): C:\Users\vaish\.gradle\wrapper\dists\gradle-6.7.1-bin\bwlcbys1h7rz3272sye1xwiv6\gradle-6.7.1\lib\gradle-launcher-6.7.1.jar
Launcher Type: SUN_STANDARD

[Global flags]
     intx CICompilerCount                          = 4                                         {product} {ergonomic}
     uint ConcGCThreads                            = 2                                         {product} {ergonomic}
     uint G1ConcRefinementThreads                  = 8                                         {product} {ergonomic}
   size_t G1HeapRegionSize                         = 1048576                                   {product} {ergonomic}
    uintx GCDrainStackTargetSize                   = 64                                        {product} {ergonomic}
   size_t InitialHeapSize                          = 134217728                                 {product} {ergonomic}
   size_t MarkStackSize                            = 4194304                                   {product} {ergonomic}
   size_t MaxHeapSize                              = 2147483648                                {product} {command line}
   size_t MaxNewSize                               = 1287651328                                {product} {ergonomic}
   size_t MinHeapDeltaBytes                        = 1048576                                   {product} {ergonomic}
    uintx NonNMethodCodeHeapSize                   = 5836300                                {pd product} {ergonomic}
    uintx NonProfiledCodeHeapSize                  = 122910970                              {pd product} {ergonomic}
    uintx ProfiledCodeHeapSize                     = 122910970                              {pd product} {ergonomic}
    uintx ReservedCodeCacheSize                    = 251658240                              {pd product} {ergonomic}
     bool SegmentedCodeCache                       = true                                      {product} {ergonomic}
     bool UseCompressedClassPointers               = true                                 {lp64_product} {ergonomic}
     bool UseCompressedOops                        = true                                 {lp64_product} {ergonomic}
     bool UseG1GC                                  = true                                      {product} {ergonomic}
     bool UseLargePagesIndividualAllocation        = false                                  {pd product} {ergonomic}

Logging:
Log output configuration:
 #0: stdout all=warning uptime,level,tags
 #1: stderr all=off uptime,level,tags

Environment Variables:
JAVA_HOME=C:\Program Files\Java\jdk-15.0.2
PATH=C:\Program Files\Common Files\Oracle\Java\javapath;C:\Program Files (x86)\Common Files\Intel\Shared Libraries\redist\intel64\compiler;C:\Program Files\AdoptOpenJDK\jdk-11.0.8.10-hotspot\bin;C:\windows\system32;C:\windows;C:\windows\System32\Wbem;C:\windows\System32\WindowsPowerShell\v1.0\;C:\windows\System32\OpenSSH\;C:\Program Files (x86)\NVIDIA Corporation\PhysX\Common;C:\Program Files\mingw-w64\x86_64-8.1.0-posix-seh-rt_v6-rev0\mingw64\bin;C:\Program Files\Java\jdk-15.0.2\bin;C:\Program Files\nodejs\;%SystemRoot%\system32;%SystemRoot%;%SystemRoot%\System32\Wbem;%SYSTEMROOT%\System32\WindowsPowerShell\v1.0\;%SYSTEMROOT%\System32\OpenSSH\;C:\Users\vaish\AppData\Local\Programs\Python\Python38\Scripts\;C:\Users\vaish\AppData\Local\Programs\Python\Python38\;C:\Users\vaish\AppData\Local\Microsoft\WindowsApps;C:\Users\vaish\AppData\Local\Programs\Microsoft VS Code\bin;C:\Program Files\Java\jdk1.8.0_251\bin;C:\Program Files\AdoptOpenJDK\jdk-11.0.8.10-hotspot;C:\Program Files\mingw-w64\x86_64-8.1.0-posix-seh-rt_v6-rev0\mingw64\bin;C:\Users\vaish\AppData\Roaming\npm;
USERNAME=vaish
OS=Windows_NT
PROCESSOR_IDENTIFIER=Intel64 Family 6 Model 142 Stepping 12, GenuineIntel



---------------  S Y S T E M  ---------------

OS: Windows 10 , 64 bit Build 19041 (10.0.19041.928)
OS uptime: 52 days 17:30 hours

CPU:total 8 (initial active 8) (4 cores per cpu, 2 threads per core) family 6 model 142 stepping 12, cmov, cx8, fxsr, mmx, sse, sse2, sse3, ssse3, sse4.1, sse4.2, popcnt, avx, avx2, aes, clmul, erms, 3dnowpref, lzcnt, ht, tsc, tscinvbit, bmi1, bmi2, adx, fma

Memory: 4k page, system-wide physical 8078M (425M free)
TotalPageFile size 32654M (AvailPageFile size 11M)
current process WorkingSet (physical memory assigned to process): 356M, peak: 360M
current process commit charge ("private bytes"): 396M, peak: 427M

vm_info: OpenJDK 64-Bit Server VM (11.0.8+10-b944.6842174) for windows-amd64 JRE (11.0.8+10-b944.6842174), built on Sep 19 2020 01:11:42 by "builder" with MS VC++ 14.0 (VS2015)

END.
